
           ___      .______        ______  __    __  .______      
          /   \     |   _  \      /      ||  |  |  | |   _  \     
         /  ^  \    |  |_)  |    |  ,----'|  |__|  | |  |_)  |    
        /  /_\  \   |      /     |  |     |   __   | |      /     
       /  _____  \  |  |\  \\___ |  `----.|  |  |  | |  |\  \\___.
      /__/     \__\ | _| `._____| \______||__|  |__| | _| `._____|
    
Logging With ArchR!

Start Time : 2022-02-28 23:44:37

------- ArchR Info

ArchRThreads = 1

------- System Info

Computer OS = unix
Total Cores = 28

------- Session Info

R version 4.1.0 (2021-05-18)
Platform: x86_64-pc-linux-gnu (64-bit)
Running under: Ubuntu 18.04.5 LTS

Matrix products: default
BLAS:   /usr/local/lib/R/lib/libRblas.so
LAPACK: /usr/local/lib/R/lib/libRlapack.so

locale:
 [1] LC_CTYPE=en_US.UTF-8       LC_NUMERIC=C              
 [3] LC_TIME=en_US.UTF-8        LC_COLLATE=en_US.UTF-8    
 [5] LC_MONETARY=en_US.UTF-8    LC_MESSAGES=en_US.UTF-8   
 [7] LC_PAPER=en_US.UTF-8       LC_NAME=C                 
 [9] LC_ADDRESS=C               LC_TELEPHONE=C            
[11] LC_MEASUREMENT=en_US.UTF-8 LC_IDENTIFICATION=C       

attached base packages:
[1] parallel  stats4    stats     graphics  grDevices utils     datasets 
[8] methods   base     

other attached packages:
 [1] scater_1.20.1               scuttle_1.2.1              
 [3] SingleCellExperiment_1.14.1 epiregulon_0.0.0.9000      
 [5] ArchR_1.0.2                 magrittr_2.0.2             
 [7] rhdf5_2.36.0                Matrix_1.3-4               
 [9] data.table_1.14.0           SummarizedExperiment_1.22.0
[11] Biobase_2.52.0              GenomicRanges_1.44.0       
[13] GenomeInfoDb_1.28.2         IRanges_2.26.0             
[15] S4Vectors_0.30.0            BiocGenerics_0.38.0        
[17] MatrixGenerics_1.4.3        matrixStats_0.60.1         
[19] ggplot2_3.3.5              

loaded via a namespace (and not attached):
 [1] bitops_1.0-7              fs_1.5.0                 
 [3] usethis_2.0.1             devtools_2.4.2           
 [5] rprojroot_2.0.2           tools_4.1.0              
 [7] utf8_1.2.2                R6_2.5.1                 
 [9] irlba_2.3.3               vipor_0.4.5              
[11] DBI_1.1.1                 colorspace_2.0-2         
[13] rhdf5filters_1.4.0        withr_2.4.3              
[15] gridExtra_2.3             tidyselect_1.1.1         
[17] prettyunits_1.1.1         processx_3.5.2           
[19] curl_4.3.2                compiler_4.1.0           
[21] cli_3.2.0                 BiocNeighbors_1.10.0     
[23] desc_1.3.0                DelayedArray_0.18.0      
[25] scales_1.1.1              callr_3.7.0              
[27] stringr_1.4.0             digest_0.6.29            
[29] rmarkdown_2.10            XVector_0.32.0           
[31] pkgconfig_2.0.3           htmltools_0.5.2          
[33] sessioninfo_1.1.1         sparseMatrixStats_1.4.2  
[35] fastmap_1.1.0             rlang_0.4.11             
[37] rstudioapi_0.13           DelayedMatrixStats_1.14.3
[39] generics_0.1.2            BiocParallel_1.26.2      
[41] dplyr_1.0.7               RCurl_1.98-1.4           
[43] BiocSingular_1.8.1        GenomeInfoDbData_1.2.6   
[45] ggbeeswarm_0.6.0          Rcpp_1.0.7               
[47] munsell_0.5.0             Rhdf5lib_1.14.2          
[49] fansi_1.0.2               viridis_0.6.2            
[51] lifecycle_1.0.0           stringi_1.7.6            
[53] yaml_2.2.2                zlibbioc_1.38.0          
[55] pkgbuild_1.2.0            grid_4.1.0               
[57] crayon_1.5.0              lattice_0.20-44          
[59] beachmat_2.8.1            knitr_1.33               
[61] ps_1.6.0                  pillar_1.6.2             
[63] ScaledMatrix_1.0.0        pkgload_1.2.1            
[65] glue_1.6.1                evaluate_0.14            
[67] remotes_2.4.0             vctrs_0.3.8              
[69] testthat_3.0.4            gtable_0.3.0             
[71] purrr_0.3.4               assertthat_0.2.1         
[73] cachem_1.0.6              xfun_0.29                
[75] rsvd_1.0.5                viridisLite_0.4.0        
[77] tibble_3.1.4              beeswarm_0.4.0           
[79] memoise_2.0.0             ellipsis_0.3.2           


------- Log Info


2022-02-28 23:44:37 : getMatrixFromProject Input-Parameters, Class = list

getMatrixFromProject Input-Parameters$ArchRProj: length = 1

getMatrixFromProject Input-Parameters$useMatrix: length = 1
[1] "GeneExpressionMatrix"


getMatrixFromProject Input-Parameters$useSeqnames: length = 0
NULL


getMatrixFromProject Input-Parameters$verbose: length = 1
[1] TRUE


getMatrixFromProject Input-Parameters$binarize: length = 1
[1] FALSE


getMatrixFromProject Input-Parameters$threads: length = 1
[1] 1


getMatrixFromProject Input-Parameters$logFile: length = 1
[1] "ArchRLogs/ArchR-getMatrixFromProject-a304dc40115-Date-2022-02-28_Time-23-44-37.log"


2022-02-28 23:44:38 : Reading GeneExpressionMatrix : reprogram(1 of 1), 0.007 mins elapsed.

2022-02-28 23:44:38 : getMatrixFromArrow Input-Parameters, Class = list

getMatrixFromArrow Input-Parameters$ArrowFile: length = 1
                                                                 reprogram 
"/gstore/scratch/u/yaox19/epiregulon/myproject/ArrowFiles/reprogram.arrow" 


getMatrixFromArrow Input-Parameters$useMatrix: length = 1
[1] "GeneExpressionMatrix"


getMatrixFromArrow Input-Parameters$useSeqnames: length = 0
NULL


getMatrixFromArrow Input-Parameters$cellNames: length = 3903
[1] "reprogram#TTAGGAACAAGGTACG-1" "reprogram#GAGCGGTCAACCTGGT-1"
[3] "reprogram#TTATAGCCACCCTCAC-1" "reprogram#TGGTGATTCCTGTTCA-1"
[5] "reprogram#TCGGTTCTCACTAGGT-1" "reprogram#CCTCCTGAGTTCCCGT-1"


getMatrixFromArrow Input-Parameters$ArchRProj: length = 1

getMatrixFromArrow Input-Parameters$verbose: length = 1
[1] FALSE


getMatrixFromArrow Input-Parameters$binarize: length = 1
[1] FALSE


getMatrixFromArrow Input-Parameters$logFile: length = 1
[1] "ArchRLogs/ArchR-getMatrixFromProject-a304dc40115-Date-2022-02-28_Time-23-44-37.log"



2022-02-28 23:44:38 : featureDF reprogram, Class = DFrame
DataFrame with 36438 rows and 6 columns
      seqnames     idx     start       end        name  strand
         <Rle> <array>   <array>   <array>     <array> <array>
1         chr1       1     29553     30267 MIR1302-2HG       3
2         chr1       2     36080     36081     FAM138A       3
3         chr1       3     65418     69055       OR4F5       3
4         chr1       5    120931    133723  AL627309.1       3
5         chr1       4     91104     91105  AL627309.3       3
...        ...     ...       ...       ...         ...     ...
36434     chrX    1142 155612876 155612952       TMLHE       3
36435     chrX    1143 155767811 155767812       SPRY3       3
36436     chrX    1144 155881344 155881378       VAMP7       3
36437     chrX    1145 155997580 155997706        IL9R       3
36438     chrX    1146 156016836 156016837      WASIR1       3

2022-02-28 23:44:38 : Getting GeneExpressionMatrix from ArrowFile : reprogram.arrow, 0.008 mins elapsed.

2022-02-28 23:44:45 : mat reprogram, Class = dgCMatrix
mat reprogram: nRows = 36438, nCols = 3903
mat reprogram: NonZeroEntries = 6478570, EntryRange = [ 0.466766243465273 , 3139.53488372093 ]
5 x 5 sparse Matrix of class "dgCMatrix"
     reprogram#TTAGGAACAAGGTACG-1 reprogram#GAGCGGTCAACCTGGT-1
[1,]                            .                            .
[2,]                            .                            .
[3,]                            .                            .
[4,]                            .                            .
[5,]                            .                            .
     reprogram#TTATAGCCACCCTCAC-1 reprogram#TGGTGATTCCTGTTCA-1
[1,]                            .                            .
[2,]                            .                            .
[3,]                            .                            .
[4,]                            .                            .
[5,]                            .                            .
     reprogram#TCGGTTCTCACTAGGT-1
[1,]                            .
[2,]                            .
[3,]                            .
[4,]                            .
[5,]                            .


2022-02-28 23:44:46 : Organizing SE GeneExpressionMatrix from ArrowFile : reprogram.arrow, 0.133 mins elapsed.

2022-02-28 23:44:46 : se reprogram, Class = SummarizedExperiment
class: SummarizedExperiment 
dim: 36438 3903 
metadata(0):
assays(1): GeneExpressionMatrix
rownames: NULL
rowData names(6): seqnames idx ... name strand
colnames(3903): reprogram#TTAGGAACAAGGTACG-1
  reprogram#GAGCGGTCAACCTGGT-1 ... reprogram#GGTTACTAGACACCGC-1
  reprogram#CGCTATGAGTGAACAG-1
colData names(23): BlacklistRatio DoubletEnrichment ... ReadsInPeaks
  FRIP

2022-02-28 23:44:46 : Completed GeneExpressionMatrix : reprogram(1 of 1), 0.146 mins elapsed.
2022-02-28 23:44:46 : Organizing colData, 0.146 mins elapsed.
2022-02-28 23:44:46 : Organizing rowData, 0.146 mins elapsed.
2022-02-28 23:44:46 : Organizing rowRanges, 0.146 mins elapsed.
2022-02-28 23:44:46 : Organizing Assays (1 of 1), 0.146 mins elapsed.
2022-02-28 23:44:46 : Constructing SummarizedExperiment, 0.146 mins elapsed.
2022-02-28 23:44:47 : Finished Matrix Creation, 0.159 mins elapsed.
